=== Stage 1-1: Excel Loader (preserve duplicates) ===
[INFO] Base dir     : /workspaces/KWORD
[INFO] Input Excel  : data/seeds.xlsx
[OK] Loaded 'seeds' sheet
 - rows_total                 : 4
 - rows_unique_by_keyword     : 3
 - rows_duplicates_by_keyword : 1
 - head_preview (first rows):
   01. keyword='[특가] 기모 원피스!', category='apparel'
   02. keyword='무료 배송 겨울 니트', category='apparel'
   03. keyword='기모 원피스', category='apparel'
   04. keyword='기모 원피스', category='apparel'

=== Stage 1-2: Parse weights from 'config' sheet (Excel) ===
 - excel weights (normalized) : W_intent=0.5500, W_competition=0.4500

=== Stage 1-3: Parse intent tokens from 'config' sheet (Excel) ===
 - excel tokens count         : 10
 - excel tokens preview       : 빅사이즈:1.00, 임산부:0.90, 하객:0.70, 홈웨어:0.60, 니트:0.50, 롱:0.50, 후드:0.40, 맨투맨:0.40, 폴라:0.40, 기모:0.30

=== Stage 1-4: Prohibited words/symbols ===
 - defaults (JSON)            : words=33, symbols=25
 - extras (config)            : words=0, symbols=0
 - merged total               : words=33, symbols=25

=== Stage 1-5: Apply precedence (CLI > Excel > Defaults) ===
 - effective weights          : W_intent=0.5500, W_competition=0.4500 (sum=1.0000)
 - effective tokens count     : 10
 - effective tokens preview   : 빅사이즈:1.00, 임산부:0.90, 하객:0.70, 홈웨어:0.60, 니트:0.50, 롱:0.50, 후드:0.40, 맨투맨:0.40, 폴라:0.40, 기모:0.30

=== Stage 2-1: Sanitizer (partial-match removal + normalization + logs) ===
 - rows changed               : 2 / 4
 - sample changes:
   • '[특가] 기모 원피스!' -> '[] 기모 원피스'
   • '무료 배송 겨울 니트' -> '겨울 니트'
 - saved sanitized preview    : output/sanitized_keywords.csv

=== Stage 2-2: Expansion (Naver Suggest) ===
 - seeds processed            : 4
 - expanded rows              : 9
 - sample expanded (top 10):
   • [겨울 니트] -> (01) 겨울 니트목도리
   • [겨울 니트] -> (02) 겨울 니트 원피스
   • [겨울 니트] -> (03) 겨울 니트 세탁
   • [기모 원피스] -> (01) 기모 원피스 잠옷
   • [기모 원피스] -> (02) 기모 원피스 파자마
   • [기모 원피스] -> (03) 기모 원피스 세트
   • [기모 원피스] -> (01) 기모 원피스 잠옷
   • [기모 원피스] -> (02) 기모 원피스 파자마
   • [기모 원피스] -> (03) 기모 원피스 세트
 - saved expanded keywords    : output/expanded_keywords.csv

=== Stage 3-1: Competition (Coupang / Naver) ===
/workspaces/KWORD/src/keyword_scoring_free_only.py:836: DeprecationWarning: datetime.datetime.utcnow() is deprecated and scheduled for removal in a future version. Use timezone-aware objects to represent datetimes in UTC: datetime.datetime.now(datetime.UTC).
  "ts": datetime.utcnow().isoformat(timespec="seconds") + "Z",
